<?xml version="1.0" encoding="UTF-8"?>
<!-- Generated by org.testng.reporters.JUnitReportReporter -->
<testsuite hostname="DESKTOP-LLRT0RU" failures="0" tests="1" name="testcases.TC001_Accountregistrationpage" time="1.849" errors="0" timestamp="2025-07-08T11:45:43 IST" skipped="0">
  <testcase classname="testcases.TC001_Accountregistrationpage" name="verify_account_registration" time="1.849"/>
</testsuite> <!-- testcases.TC001_Accountregistrationpage -->
